<?xml version="1.0" encoding="UTF-8"?>
<!-- Generated by org.testng.reporters.JUnitXMLReporter -->
<testsuite ignored="0" hostname="MOHIT" failures="0" tests="7" name="Default test" time="41.622" errors="0" timestamp="2024-11-17T16:54:02 IST">
  <testcase classname="Test.SauceDemoTest" name="validLoginAndAddToCartTest" time="2.288"/>
  <testcase classname="Test.SauceDemoTest" name="invalidLoginTest" time="0.705"/>
  <testcase classname="Test.SauceDemoTest" name="addMultipleProductsTest" time="1.18"/>
  <testcase classname="Test.SauceDemoTest" name="removeProductFromCartTest" time="1.446"/>
  <testcase classname="Test.SauceDemoTest" name="verifyCheckoutFlowTest" time="1.9"/>
  <testcase classname="Test.SauceDemoTest" name="validateProductSortingTest" time="1.274"/>
  <testcase classname="Test.SauceDemoTest" name="verifyLogoutTest" time="6.482"/>
</testsuite> <!-- Default test -->
