<?xml version="1.0" encoding="UTF-8"?>
<testng-results ignored="0" total="7" passed="7" failed="0" skipped="0">
  <reporter-output>
  </reporter-output>
  <suite started-at="2024-11-17T16:53:20 IST" name="Default suite" finished-at="2024-11-17T16:54:02 IST" duration-ms="41622">
    <groups>
    </groups>
    <test started-at="2024-11-17T16:53:20 IST" name="Default test" finished-at="2024-11-17T16:54:02 IST" duration-ms="41622">
      <class name="Test.SauceDemoTest">
        <test-method is-config="true" signature="setUpReport()[pri:0, instance:Test.SauceDemoTest@6d60fe40]" started-at="2024-11-17T16:53:20 IST" name="setUpReport" finished-at="2024-11-17T16:53:20 IST" duration-ms="249" status="PASS">
          <reporter-output>
          </reporter-output>
        </test-method> <!-- setUpReport -->
        <test-method is-config="true" signature="setUp()[pri:0, instance:Test.SauceDemoTest@6d60fe40]" started-at="2024-11-17T16:53:20 IST" name="setUp" finished-at="2024-11-17T16:53:24 IST" duration-ms="4047" status="PASS">
          <reporter-output>
          </reporter-output>
        </test-method> <!-- setUp -->
        <test-method signature="validLoginAndAddToCartTest()[pri:1, instance:Test.SauceDemoTest@6d60fe40]" started-at="2024-11-17T16:53:24 IST" name="validLoginAndAddToCartTest" finished-at="2024-11-17T16:53:26 IST" duration-ms="2288" status="PASS">
          <reporter-output>
          </reporter-output>
        </test-method> <!-- validLoginAndAddToCartTest -->
        <test-method is-config="true" signature="tearDown()[pri:0, instance:Test.SauceDemoTest@6d60fe40]" started-at="2024-11-17T16:53:26 IST" name="tearDown" finished-at="2024-11-17T16:53:28 IST" duration-ms="2102" status="PASS">
          <reporter-output>
          </reporter-output>
        </test-method> <!-- tearDown -->
        <test-method is-config="true" signature="setUp()[pri:0, instance:Test.SauceDemoTest@6d60fe40]" started-at="2024-11-17T16:53:28 IST" name="setUp" finished-at="2024-11-17T16:53:31 IST" duration-ms="2465" status="PASS">
          <reporter-output>
          </reporter-output>
        </test-method> <!-- setUp -->
        <test-method signature="invalidLoginTest()[pri:2, instance:Test.SauceDemoTest@6d60fe40]" started-at="2024-11-17T16:53:31 IST" name="invalidLoginTest" finished-at="2024-11-17T16:53:32 IST" duration-ms="705" status="PASS">
          <reporter-output>
          </reporter-output>
        </test-method> <!-- invalidLoginTest -->
        <test-method is-config="true" signature="tearDown()[pri:0, instance:Test.SauceDemoTest@6d60fe40]" started-at="2024-11-17T16:53:32 IST" name="tearDown" finished-at="2024-11-17T16:53:32 IST" duration-ms="918" status="PASS">
          <reporter-output>
          </reporter-output>
        </test-method> <!-- tearDown -->
        <test-method is-config="true" signature="setUp()[pri:0, instance:Test.SauceDemoTest@6d60fe40]" started-at="2024-11-17T16:53:32 IST" name="setUp" finished-at="2024-11-17T16:53:35 IST" duration-ms="2282" status="PASS">
          <reporter-output>
          </reporter-output>
        </test-method> <!-- setUp -->
        <test-method signature="addMultipleProductsTest()[pri:3, instance:Test.SauceDemoTest@6d60fe40]" started-at="2024-11-17T16:53:35 IST" name="addMultipleProductsTest" finished-at="2024-11-17T16:53:36 IST" duration-ms="1180" status="PASS">
          <reporter-output>
          </reporter-output>
        </test-method> <!-- addMultipleProductsTest -->
        <test-method is-config="true" signature="tearDown()[pri:0, instance:Test.SauceDemoTest@6d60fe40]" started-at="2024-11-17T16:53:36 IST" name="tearDown" finished-at="2024-11-17T16:53:37 IST" duration-ms="1260" status="PASS">
          <reporter-output>
          </reporter-output>
        </test-method> <!-- tearDown -->
        <test-method is-config="true" signature="setUp()[pri:0, instance:Test.SauceDemoTest@6d60fe40]" started-at="2024-11-17T16:53:37 IST" name="setUp" finished-at="2024-11-17T16:53:40 IST" duration-ms="2653" status="PASS">
          <reporter-output>
          </reporter-output>
        </test-method> <!-- setUp -->
        <test-method signature="removeProductFromCartTest()[pri:4, instance:Test.SauceDemoTest@6d60fe40]" started-at="2024-11-17T16:53:40 IST" name="removeProductFromCartTest" finished-at="2024-11-17T16:53:41 IST" duration-ms="1446" status="PASS">
          <reporter-output>
          </reporter-output>
        </test-method> <!-- removeProductFromCartTest -->
        <test-method is-config="true" signature="tearDown()[pri:0, instance:Test.SauceDemoTest@6d60fe40]" started-at="2024-11-17T16:53:41 IST" name="tearDown" finished-at="2024-11-17T16:53:42 IST" duration-ms="698" status="PASS">
          <reporter-output>
          </reporter-output>
        </test-method> <!-- tearDown -->
        <test-method is-config="true" signature="setUp()[pri:0, instance:Test.SauceDemoTest@6d60fe40]" started-at="2024-11-17T16:53:42 IST" name="setUp" finished-at="2024-11-17T16:53:44 IST" duration-ms="2380" status="PASS">
          <reporter-output>
          </reporter-output>
        </test-method> <!-- setUp -->
        <test-method signature="verifyCheckoutFlowTest()[pri:5, instance:Test.SauceDemoTest@6d60fe40]" started-at="2024-11-17T16:53:44 IST" name="verifyCheckoutFlowTest" finished-at="2024-11-17T16:53:46 IST" duration-ms="1900" status="PASS">
          <reporter-output>
          </reporter-output>
        </test-method> <!-- verifyCheckoutFlowTest -->
        <test-method is-config="true" signature="tearDown()[pri:0, instance:Test.SauceDemoTest@6d60fe40]" started-at="2024-11-17T16:53:46 IST" name="tearDown" finished-at="2024-11-17T16:53:47 IST" duration-ms="937" status="PASS">
          <reporter-output>
          </reporter-output>
        </test-method> <!-- tearDown -->
        <test-method is-config="true" signature="setUp()[pri:0, instance:Test.SauceDemoTest@6d60fe40]" started-at="2024-11-17T16:53:47 IST" name="setUp" finished-at="2024-11-17T16:53:49 IST" duration-ms="2178" status="PASS">
          <reporter-output>
          </reporter-output>
        </test-method> <!-- setUp -->
        <test-method signature="validateProductSortingTest()[pri:6, instance:Test.SauceDemoTest@6d60fe40]" started-at="2024-11-17T16:53:49 IST" name="validateProductSortingTest" finished-at="2024-11-17T16:53:51 IST" duration-ms="1274" status="PASS">
          <reporter-output>
          </reporter-output>
        </test-method> <!-- validateProductSortingTest -->
        <test-method is-config="true" signature="tearDown()[pri:0, instance:Test.SauceDemoTest@6d60fe40]" started-at="2024-11-17T16:53:51 IST" name="tearDown" finished-at="2024-11-17T16:53:52 IST" duration-ms="1216" status="PASS">
          <reporter-output>
          </reporter-output>
        </test-method> <!-- tearDown -->
        <test-method is-config="true" signature="setUp()[pri:0, instance:Test.SauceDemoTest@6d60fe40]" started-at="2024-11-17T16:53:52 IST" name="setUp" finished-at="2024-11-17T16:53:54 IST" duration-ms="2437" status="PASS">
          <reporter-output>
          </reporter-output>
        </test-method> <!-- setUp -->
        <test-method signature="verifyLogoutTest()[pri:7, instance:Test.SauceDemoTest@6d60fe40]" started-at="2024-11-17T16:53:54 IST" name="verifyLogoutTest" finished-at="2024-11-17T16:54:01 IST" duration-ms="6482" status="PASS">
          <reporter-output>
          </reporter-output>
        </test-method> <!-- verifyLogoutTest -->
        <test-method is-config="true" signature="tearDown()[pri:0, instance:Test.SauceDemoTest@6d60fe40]" started-at="2024-11-17T16:54:01 IST" name="tearDown" finished-at="2024-11-17T16:54:02 IST" duration-ms="673" status="PASS">
          <reporter-output>
          </reporter-output>
        </test-method> <!-- tearDown -->
        <test-method is-config="true" signature="tearDownReport()[pri:0, instance:Test.SauceDemoTest@6d60fe40]" started-at="2024-11-17T16:54:02 IST" name="tearDownReport" finished-at="2024-11-17T16:54:02 IST" duration-ms="63" status="PASS">
          <reporter-output>
          </reporter-output>
        </test-method> <!-- tearDownReport -->
      </class> <!-- Test.SauceDemoTest -->
    </test> <!-- Default test -->
  </suite> <!-- Default suite -->
</testng-results>
